********************************************************************************
PACKAGE-LOG: 2015-07-31 15:51:33
NOTICE: Do NOT post to public sites or forums 
********************************************************************************
VERSION:	0.5.24
WORDPRESS:	4.2.3
PHP INFO:	5.6.10 | SAPI: apache2handler
SERVER:		Apache/2.2.29 (Unix) mod_wsgi/3.5 Python/2.7.10 PHP/5.6.10 mod_ssl/2.2.29 OpenSSL/0.9.8zd DAV/2 mod_fastcgi/2.4.6 mod_perl/2.0.9 Perl/v5.22.0 
PHP TIME LIMIT: (0) no time limit imposed 
PHP MAX MEMORY: 5000M (128M default) 
MEMORY STACK: 20.25MB 

********************************************************************************
DATABASE:
********************************************************************************
BUILD MODE:   PHP (query limit - 100)
MYSQLDUMP:    Not Supported
MYSQLTIMEOUT: 5000 
TABLES: total:41 | filtered:0 | create:41 
FILTERED: [] 
SQL CREATED: 20150731_artbyfreshghost_55bb98c43d10a5612150731154820_database.sql 
SQL FILE SIZE: 692.13KB 
SQL FILE TIME: 2015-07-31 15:51:33 
SQL RUNTIME: 0.23 sec. 

******************************************************************************** 
ARCHIVE (ZIP): 
******************************************************************************** 
ARCHIVE DIR:  /Applications/MAMP/htdocs/wordpress 
ARCHIVE FILE: 20150731_artbyfreshghost_55bb98c43d10a5612150731154820_archive.zip 
FILTERS: *OFF* 
DIRS:  not set 
EXTS:  not set 
---------------------------------------- 
COMPRESSING 
SIZE:	42.7MB 
STATS:	Dirs 260 | Files 2,287 
SQL ADDED: 20150731_artbyfreshghost_55bb98c43d10a5612150731154820_database.sql 
ZipArchive Object
(
    [status] => 0
    [statusSys] => 0
    [numFiles] => 2547
    [filename] => /Applications/MAMP/htdocs/wordpress/wp-snapshots/tmp/20150731_artbyfreshghost_55bb98c43d10a5612150731154820_archive.zip
    [comment] => 
)
 
COMPRESSION RESULT: '1' 
COMPRESSED SIZE: 21.04MB 
ARCHIVE RUNTIME: 14.43 sec. 
MEMORY STACK: 21.25MB 

******************************************************************************** 
MAKE INSTALLER: 
******************************************************************************** 
Build Start 
Build Finished 
Preping for use 
Template parsed with new data 
Complete [/Applications/MAMP/htdocs/wordpress/wp-snapshots/tmp/20150731_artbyfreshghost_55bb98c43d10a5612150731154820_installer.php] 
Added to archive 

******************************************************************************** 
INTEGRITY CHECKS: 
******************************************************************************** 
SQL File: 692.13KB 
Installer File: 317.74KB 
Archive File: 21.04MB  

********************************************************************************
RECORD ID:[1]
TOTAL PROCESS RUNTIME: 15.85 sec.
PEAK PHP MEMORY USED: 23.75MB
DONE PROCESSING => 20150731_artbyfreshghost 2015-07-31 15:51:49
 
